<?xml version="1.0" encoding="UTF-8"?>
<!-- Generated by org.testng.reporters.JUnitXMLReporter -->
<testsuite hostname="Vampire" ignored="3" name="Practice Grouping" tests="2" failures="0" timestamp="24 Feb 2019 16:04:10 GMT" time="0.082" errors="0">
  <testcase name="Scooter1" time="0.018" classname="Testng.Test_Case_Grouping"/>
  <testcase name="Scooter2" time="0.018" classname="Testng.Test_Case_Grouping"/>
  <testcase name="Car1" time="0.0" classname="Testng.Test_Case_Grouping">
    <ignored/>
  </testcase> <!-- Car1 -->
  <testcase name="Car2" time="0.0" classname="Testng.Test_Case_Grouping">
    <ignored/>
  </testcase> <!-- Car2 -->
  <testcase name="Sedan1" time="0.0" classname="Testng.Test_Case_Grouping">
    <ignored/>
  </testcase> <!-- Sedan1 -->
</testsuite> <!-- Practice Grouping -->
