<?xml version="1.0" encoding="UTF-8"?>
<testng-results skipped="0" failed="0" ignored="0" total="1" passed="1">
  <reporter-output>
  </reporter-output>
  <suite name="Default suite" duration-ms="27305" started-at="2019-02-26T00:33:37Z" finished-at="2019-02-26T00:34:04Z">
    <groups>
    </groups>
    <test name="Default test" duration-ms="27305" started-at="2019-02-26T00:33:37Z" finished-at="2019-02-26T00:34:04Z">
      <class name="Data_Driven.login">
        <test-method status="PASS" signature="test2()[pri:0, instance:Data_Driven.login@491cc5c9]" name="test2" duration-ms="27267" started-at="2019-02-26T00:33:37Z" finished-at="2019-02-26T00:34:04Z">
          <reporter-output>
          </reporter-output>
        </test-method> <!-- test2 -->
      </class> <!-- Data_Driven.login -->
    </test> <!-- Default test -->
  </suite> <!-- Default suite -->
</testng-results>
